C:\USERS\YAM\DOCUMENTS\VISUAL STUDIO 2010\PROJECTS\LANDSCAPE\DEBUG\LANDSCAPE.EXE
C:\USERS\YAM\DOCUMENTS\VISUAL STUDIO 2010\PROJECTS\LANDSCAPE\DEBUG\LANDSCAPE.ILK
C:\USERS\YAM\DOCUMENTS\VISUAL STUDIO 2010\PROJECTS\LANDSCAPE\DEBUG\LANDSCAPE.PDB
C:\USERS\YAM\DOCUMENTS\VISUAL STUDIO 2010\PROJECTS\LANDSCAPE\LANDSCAPE\DEBUG\APPLICATIONCLASS.OBJ
C:\USERS\YAM\DOCUMENTS\VISUAL STUDIO 2010\PROJECTS\LANDSCAPE\LANDSCAPE\DEBUG\CAMERACLASS.OBJ
c:\Users\YAM\documents\visual studio 2010\Projects\Landscape\Landscape\Debug\cl.command.1.tlog
c:\Users\YAM\documents\visual studio 2010\Projects\Landscape\Landscape\Debug\CL.read.1.tlog
c:\Users\YAM\documents\visual studio 2010\Projects\Landscape\Landscape\Debug\CL.write.1.tlog
C:\USERS\YAM\DOCUMENTS\VISUAL STUDIO 2010\PROJECTS\LANDSCAPE\LANDSCAPE\DEBUG\DIRECTXCLASS.OBJ
C:\USERS\YAM\DOCUMENTS\VISUAL STUDIO 2010\PROJECTS\LANDSCAPE\LANDSCAPE\DEBUG\DOMESHADERCLASS.OBJ
C:\USERS\YAM\DOCUMENTS\VISUAL STUDIO 2010\PROJECTS\LANDSCAPE\LANDSCAPE\DEBUG\FONTCLASS.OBJ
C:\USERS\YAM\DOCUMENTS\VISUAL STUDIO 2010\PROJECTS\LANDSCAPE\LANDSCAPE\DEBUG\FONTSHADERCLASS.OBJ
C:\USERS\YAM\DOCUMENTS\VISUAL STUDIO 2010\PROJECTS\LANDSCAPE\LANDSCAPE\DEBUG\INPUTCLASS.OBJ
C:\USERS\YAM\DOCUMENTS\VISUAL STUDIO 2010\PROJECTS\LANDSCAPE\LANDSCAPE\DEBUG\LANDSCAPE.EXE.INTERMEDIATE.MANIFEST
c:\Users\YAM\documents\visual studio 2010\Projects\Landscape\Landscape\Debug\Landscape.write.1.tlog
C:\USERS\YAM\DOCUMENTS\VISUAL STUDIO 2010\PROJECTS\LANDSCAPE\LANDSCAPE\DEBUG\LIGHTCLASS.OBJ
c:\Users\YAM\documents\visual studio 2010\Projects\Landscape\Landscape\Debug\link.command.1.tlog
c:\Users\YAM\documents\visual studio 2010\Projects\Landscape\Landscape\Debug\link.read.1.tlog
c:\Users\YAM\documents\visual studio 2010\Projects\Landscape\Landscape\Debug\link.write.1.tlog
C:\USERS\YAM\DOCUMENTS\VISUAL STUDIO 2010\PROJECTS\LANDSCAPE\LANDSCAPE\DEBUG\MAIN.OBJ
C:\USERS\YAM\DOCUMENTS\VISUAL STUDIO 2010\PROJECTS\LANDSCAPE\LANDSCAPE\DEBUG\MODELCLASS.OBJ
c:\Users\YAM\documents\visual studio 2010\Projects\Landscape\Landscape\Debug\mt.command.1.tlog
c:\Users\YAM\documents\visual studio 2010\Projects\Landscape\Landscape\Debug\mt.read.1.tlog
c:\Users\YAM\documents\visual studio 2010\Projects\Landscape\Landscape\Debug\mt.write.1.tlog
C:\USERS\YAM\DOCUMENTS\VISUAL STUDIO 2010\PROJECTS\LANDSCAPE\LANDSCAPE\DEBUG\REFRACTIONSHADERCLASS.OBJ
C:\USERS\YAM\DOCUMENTS\VISUAL STUDIO 2010\PROJECTS\LANDSCAPE\LANDSCAPE\DEBUG\RENDERTEXTURECLASS.OBJ
C:\USERS\YAM\DOCUMENTS\VISUAL STUDIO 2010\PROJECTS\LANDSCAPE\LANDSCAPE\DEBUG\TERRAINCLASS.OBJ
C:\USERS\YAM\DOCUMENTS\VISUAL STUDIO 2010\PROJECTS\LANDSCAPE\LANDSCAPE\DEBUG\TERRAINCLIPSHADERCLASS.OBJ
C:\USERS\YAM\DOCUMENTS\VISUAL STUDIO 2010\PROJECTS\LANDSCAPE\LANDSCAPE\DEBUG\TERRAINSHADERCLASS.OBJ
C:\USERS\YAM\DOCUMENTS\VISUAL STUDIO 2010\PROJECTS\LANDSCAPE\LANDSCAPE\DEBUG\TEXTCLASS.OBJ
C:\USERS\YAM\DOCUMENTS\VISUAL STUDIO 2010\PROJECTS\LANDSCAPE\LANDSCAPE\DEBUG\TEXTURECLASS.OBJ
C:\USERS\YAM\DOCUMENTS\VISUAL STUDIO 2010\PROJECTS\LANDSCAPE\LANDSCAPE\DEBUG\TIMERCLASS.OBJ
c:\Users\YAM\documents\visual studio 2010\Projects\Landscape\Landscape\Debug\vc100.idb
C:\USERS\YAM\DOCUMENTS\VISUAL STUDIO 2010\PROJECTS\LANDSCAPE\LANDSCAPE\DEBUG\VC100.PDB
C:\USERS\YAM\DOCUMENTS\VISUAL STUDIO 2010\PROJECTS\LANDSCAPE\LANDSCAPE\DEBUG\WATERMODELCLASS.OBJ
C:\USERS\YAM\DOCUMENTS\VISUAL STUDIO 2010\PROJECTS\LANDSCAPE\LANDSCAPE\DEBUG\WATERSHADERCLASS.OBJ
C:\USERS\YAM\DOCUMENTS\VISUAL STUDIO 2010\PROJECTS\LANDSCAPE\LANDSCAPE\DEBUG\WINDOWCLASS.OBJ
