  ApplicationClass.cpp
e:\projects\visual studio 2010 ultimate projects\c++ projects\directx 10\landscape\landscape\directxclass.h(6): fatal error C1083: Cannot open include file: 'd3dx10.h': No such file or directory
  BitmapClass.cpp
e:\projects\visual studio 2010 ultimate projects\c++ projects\directx 10\landscape\landscape\textureclass.h(5): fatal error C1083: Cannot open include file: 'D3DX10.h': No such file or directory
  CameraClass.cpp
e:\projects\visual studio 2010 ultimate projects\c++ projects\directx 10\landscape\landscape\cameraclass.h(5): fatal error C1083: Cannot open include file: 'd3dx10math.h': No such file or directory
  FontClass.cpp
e:\projects\visual studio 2010 ultimate projects\c++ projects\directx 10\landscape\landscape\textureclass.h(5): fatal error C1083: Cannot open include file: 'D3DX10.h': No such file or directory
  FontShaderClass.cpp
e:\projects\visual studio 2010 ultimate projects\c++ projects\directx 10\landscape\landscape\fontshaderclass.h(6): fatal error C1083: Cannot open include file: 'd3dx10math.h': No such file or directory
  ModelClass.cpp
e:\projects\visual studio 2010 ultimate projects\c++ projects\directx 10\landscape\landscape\modelclass.h(5): fatal error C1083: Cannot open include file: 'D3DX10.h': No such file or directory
  RefractionShaderClass.cpp
e:\projects\visual studio 2010 ultimate projects\c++ projects\directx 10\landscape\landscape\refractionshaderclass.h(9): fatal error C1083: Cannot open include file: 'd3dx10.h': No such file or directory
  TerrainShaderClass.cpp
e:\projects\visual studio 2010 ultimate projects\c++ projects\directx 10\landscape\landscape\terrainshaderclass.h(6): fatal error C1083: Cannot open include file: 'd3dx10math.h': No such file or directory
  TextClass.cpp
e:\projects\visual studio 2010 ultimate projects\c++ projects\directx 10\landscape\landscape\textclass.h(5): fatal error C1083: Cannot open include file: 'D3DX10.h': No such file or directory
  TextureClass.cpp
e:\projects\visual studio 2010 ultimate projects\c++ projects\directx 10\landscape\landscape\textureclass.h(5): fatal error C1083: Cannot open include file: 'D3DX10.h': No such file or directory
  WaterShaderClass.cpp
e:\projects\visual studio 2010 ultimate projects\c++ projects\directx 10\landscape\landscape\watershaderclass.h(8): fatal error C1083: Cannot open include file: 'd3dx10.h': No such file or directory
  Generating Code...
